2023-10-20 08:05:54.123 [info] Log level: Info
2023-10-20 08:05:54.123 [info] Validating found git in: "git"
2023-10-20 08:05:54.123 [info] Using git "1.8.3.1" from "git"
2023-10-20 08:05:54.123 [info] > git rev-parse --show-toplevel [64ms]
2023-10-20 08:05:54.123 [info] fatal: Not a git repository (or any of the parent directories): .git
2023-10-20 08:05:54.123 [info] > git rev-parse --show-toplevel [1ms]
2023-10-20 08:05:54.123 [info] fatal: Not a git repository (or any of the parent directories): .git
2023-10-20 08:05:54.123 [info] > git rev-parse --show-toplevel [1ms]
2023-10-20 08:05:54.123 [info] fatal: Not a git repository (or any of the parent directories): .git
2023-10-20 08:05:54.123 [info] > git rev-parse --show-toplevel [1ms]
2023-10-20 08:05:54.123 [info] fatal: Not a git repository (or any of the parent directories): .git
2023-10-20 08:05:54.123 [info] > git rev-parse --show-toplevel [8ms]
2023-10-20 08:05:54.123 [info] fatal: Not a git repository (or any of the parent directories): .git
2023-10-20 08:05:54.123 [info] > git rev-parse --show-toplevel [1ms]
2023-10-20 08:05:54.123 [info] fatal: Not a git repository (or any of the parent directories): .git
2023-10-20 08:06:01.310 [info] > git rev-parse --show-toplevel [1ms]
2023-10-20 08:06:01.310 [info] fatal: Not a git repository (or any of the parent directories): .git
2023-10-20 08:06:03.267 [info] > git rev-parse --show-toplevel [1ms]
2023-10-20 08:06:03.267 [info] fatal: Not a git repository (or any of the parent directories): .git
2023-10-20 08:08:28.721 [info] > git rev-parse --show-toplevel [1ms]
2023-10-20 08:08:28.721 [info] fatal: Not a git repository (or any of the parent directories): .git
2023-10-20 08:09:47.643 [info] > git rev-parse --show-toplevel [1ms]
2023-10-20 08:09:47.643 [info] fatal: Not a git repository (or any of the parent directories): .git
2023-10-20 08:11:08.547 [info] > git rev-parse --show-toplevel [1ms]
2023-10-20 08:11:08.547 [info] fatal: Not a git repository (or any of the parent directories): .git
