2023-10-20 18:56:34.101 [info] Experiment 'pythonPromptNewFormatterExt' is active
2023-10-20 18:56:34.101 [info] Experiment 'pythonPromptNewToolsExt' is active
2023-10-20 18:56:34.101 [info] Experiment 'pythonTestAdaptercf' is active
2023-10-20 18:56:34.101 [info] Test server listening.
2023-10-20 18:56:34.102 [warning] Failed to check if /usr/bin/python3 is an executable [Error: ENOENT: no such file or directory, lstat '/usr/bin/python3'] {
  errno: -2,
  code: 'ENOENT',
  syscall: 'lstat',
  path: '/usr/bin/python3'
}
2023-10-20 18:56:34.281 [info] > /usr/bin/python3 -I ./kaic2023/.vscode-server/extensions/ms-python.python-2023.18.0/pythonFiles/get_output_via_markers.py ./kaic2023/.vscode-server/extensions/ms-python.python-2023.18.0/pythonFiles/interpreterInfo.py
2023-10-20 18:56:34.285 [error] [Error: Command failed: /usr/bin/python3 -I /home/kaic2023/.vscode-server/extensions/ms-python.python-2023.18.0/pythonFiles/get_output_via_markers.py /home/kaic2023/.vscode-server/extensions/ms-python.python-2023.18.0/pythonFiles/interpreterInfo.py
/bin/sh: /usr/bin/python3: No such file or directory

	at ChildProcess.exithandler (node:child_process:420:12)
	at ChildProcess.emit (node:events:513:28)
	at maybeClose (node:internal/child_process:1091:16)
	at Socket.<anonymous> (node:internal/child_process:449:11)
	at Socket.emit (node:events:513:28)
	at Pipe.<anonymous> (node:net:322:12)] {
  code: 127,
  killed: false,
  signal: null,
  cmd: '/usr/bin/python3 -I /home/kaic2023/.vscode-server/extensions/ms-python.python-2023.18.0/pythonFiles/get_output_via_markers.py /home/kaic2023/.vscode-server/extensions/ms-python.python-2023.18.0/pythonFiles/interpreterInfo.py'
}
2023-10-20 18:56:34.784 [warning] Failed to check if /usr/bin/python3 is an executable [Error: ENOENT: no such file or directory, lstat '/usr/bin/python3'] {
  errno: -2,
  code: 'ENOENT',
  syscall: 'lstat',
  path: '/usr/bin/python3'
}
2023-10-20 18:56:34.784 [warning] Failed to check if /usr/bin/python3 is an executable [Error: ENOENT: no such file or directory, lstat '/usr/bin/python3'] {
  errno: -2,
  code: 'ENOENT',
  syscall: 'lstat',
  path: '/usr/bin/python3'
}
2023-10-20 18:56:35.939 [warning] Failed to check if /usr/bin/python3 is an executable [Error: ENOENT: no such file or directory, lstat '/usr/bin/python3'] {
  errno: -2,
  code: 'ENOENT',
  syscall: 'lstat',
  path: '/usr/bin/python3'
}
2023-10-20 18:56:35.985 [warning] Failed to check if /usr/bin/python3 is an executable [Error: ENOENT: no such file or directory, lstat '/usr/bin/python3'] {
  errno: -2,
  code: 'ENOENT',
  syscall: 'lstat',
  path: '/usr/bin/python3'
}
2023-10-20 18:56:35.985 [warning] Failed to check if /usr/bin/python3 is an executable [Error: ENOENT: no such file or directory, lstat '/usr/bin/python3'] {
  errno: -2,
  code: 'ENOENT',
  syscall: 'lstat',
  path: '/usr/bin/python3'
}
2023-10-20 18:56:36.293 [info] > /usr/bin/python3 -I ./kaic2023/.vscode-server/extensions/ms-python.python-2023.18.0/pythonFiles/get_output_via_markers.py ./kaic2023/.vscode-server/extensions/ms-python.python-2023.18.0/pythonFiles/interpreterInfo.py
2023-10-20 18:56:36.296 [error] [Error: Command failed: /usr/bin/python3 -I /home/kaic2023/.vscode-server/extensions/ms-python.python-2023.18.0/pythonFiles/get_output_via_markers.py /home/kaic2023/.vscode-server/extensions/ms-python.python-2023.18.0/pythonFiles/interpreterInfo.py
/bin/sh: /usr/bin/python3: No such file or directory

	at ChildProcess.exithandler (node:child_process:420:12)
	at ChildProcess.emit (node:events:513:28)
	at maybeClose (node:internal/child_process:1091:16)
	at Socket.<anonymous> (node:internal/child_process:449:11)
	at Socket.emit (node:events:513:28)
	at Pipe.<anonymous> (node:net:322:12)] {
  code: 127,
  killed: false,
  signal: null,
  cmd: '/usr/bin/python3 -I /home/kaic2023/.vscode-server/extensions/ms-python.python-2023.18.0/pythonFiles/get_output_via_markers.py /home/kaic2023/.vscode-server/extensions/ms-python.python-2023.18.0/pythonFiles/interpreterInfo.py'
}
2023-10-20 18:56:36.299 [error] Unable to start Jedi language server as a valid interpreter is not selected
2023-10-20 18:56:36.307 [warning] Failed to check if /usr/bin/python3 is an executable [Error: ENOENT: no such file or directory, lstat '/usr/bin/python3'] {
  errno: -2,
  code: 'ENOENT',
  syscall: 'lstat',
  path: '/usr/bin/python3'
}
2023-10-20 18:56:36.308 [warning] Failed to check if /usr/bin/python3 is an executable [Error: ENOENT: no such file or directory, lstat '/usr/bin/python3'] {
  errno: -2,
  code: 'ENOENT',
  syscall: 'lstat',
  path: '/usr/bin/python3'
}
2023-10-20 18:56:36.308 [warning] Failed to check if /usr/bin/python3 is an executable [Error: ENOENT: no such file or directory, lstat '/usr/bin/python3'] {
  errno: -2,
  code: 'ENOENT',
  syscall: 'lstat',
  path: '/usr/bin/python3'
}
2023-10-20 18:56:36.308 [warning] Failed to check if /usr/bin/python3 is an executable [Error: ENOENT: no such file or directory, lstat '/usr/bin/python3'] {
  errno: -2,
  code: 'ENOENT',
  syscall: 'lstat',
  path: '/usr/bin/python3'
}
2023-10-20 18:56:49.739 [warning] Failed to check if /usr/bin/python3 is an executable [Error: ENOENT: no such file or directory, lstat '/usr/bin/python3'] {
  errno: -2,
  code: 'ENOENT',
  syscall: 'lstat',
  path: '/usr/bin/python3'
}
2023-10-20 18:57:02.165 [warning] Failed to check if /usr/bin/python3 is an executable [Error: ENOENT: no such file or directory, lstat '/usr/bin/python3'] {
  errno: -2,
  code: 'ENOENT',
  syscall: 'lstat',
  path: '/usr/bin/python3'
}
2023-10-20 18:57:02.165 [warning] Failed to check if /usr/bin/python3 is an executable [Error: ENOENT: no such file or directory, lstat '/usr/bin/python3'] {
  errno: -2,
  code: 'ENOENT',
  syscall: 'lstat',
  path: '/usr/bin/python3'
}
2023-10-20 18:59:21.261 [warning] Failed to check if /usr/bin/python3 is an executable [Error: ENOENT: no such file or directory, lstat '/usr/bin/python3'] {
  errno: -2,
  code: 'ENOENT',
  syscall: 'lstat',
  path: '/usr/bin/python3'
}
2023-10-20 19:00:16.523 [warning] Failed to check if /usr/bin/python3 is an executable [Error: ENOENT: no such file or directory, lstat '/usr/bin/python3'] {
  errno: -2,
  code: 'ENOENT',
  syscall: 'lstat',
  path: '/usr/bin/python3'
}
2023-10-20 19:02:08.202 [warning] Failed to check if /usr/bin/python3 is an executable [Error: ENOENT: no such file or directory, lstat '/usr/bin/python3'] {
  errno: -2,
  code: 'ENOENT',
  syscall: 'lstat',
  path: '/usr/bin/python3'
}
2023-10-20 19:02:08.208 [warning] Failed to check if /usr/bin/python3 is an executable [Error: ENOENT: no such file or directory, lstat '/usr/bin/python3'] {
  errno: -2,
  code: 'ENOENT',
  syscall: 'lstat',
  path: '/usr/bin/python3'
}
