2023-10-20 18:55:34.444 [info] Experiment 'pythonPromptNewFormatterExt' is active
2023-10-20 18:55:34.444 [info] Experiment 'pythonPromptNewToolsExt' is active
2023-10-20 18:55:34.444 [info] Experiment 'pythonTestAdaptercf' is active
2023-10-20 18:55:34.648 [info] Test server listening.
2023-10-20 18:55:34.784 [info] > C:\Users\Owner\AppData\Local\Microsoft\WindowsApps\python3.11.exe -c "import sys;print(sys.executable)"
2023-10-20 18:55:34.789 [error] [Error: Command failed: C:\Users\Owner\AppData\Local\Microsoft\WindowsApps\python3.11.exe -c "import sys;print(sys.executable)"
/bin/sh: C:UsersOwnerAppDataLocalMicrosoftWindowsAppspython3.11.exe: command not found

	at ChildProcess.exithandler (node:child_process:420:12)
	at ChildProcess.emit (node:events:513:28)
	at maybeClose (node:internal/child_process:1091:16)
	at Socket.<anonymous> (node:internal/child_process:449:11)
	at Socket.emit (node:events:513:28)
	at Pipe.<anonymous> (node:net:322:12)] {
  code: 127,
  killed: false,
  signal: null,
  cmd: 'C:\\Users\\Owner\\AppData\\Local\\Microsoft\\WindowsApps\\python3.11.exe -c "import sys;print(sys.executable)"'
}
2023-10-20 18:55:34.796 [warning] Retry failed, storage update failed for key PYTHON_GLOBAL_STORAGE_KEYS
2023-10-20 18:55:34.796 [warning] Retry failed, storage update failed for key PYTHON_WORKSPACE_STORAGE_KEYS
2023-10-20 18:55:34.796 [warning] Retry failed, storage update failed for key PYTHON_WORKSPACE_STORAGE_KEYS
2023-10-20 18:55:34.796 [warning] Retry failed, storage update failed for key PYTHON_WORKSPACE_STORAGE_KEYS
2023-10-20 18:55:34.874 [error] Unable to start Jedi language server as a valid interpreter is not selected
2023-10-20 18:55:34.887 [warning] Retry failed, storage update failed for key PYTHON_WORKSPACE_STORAGE_KEYS
