2023-10-20 19:08:38.364 [info] Experiment 'pythonPromptNewFormatterExt' is active
2023-10-20 19:08:38.364 [info] Experiment 'pythonPromptNewToolsExt' is active
2023-10-20 19:08:38.364 [info] Experiment 'pythonTestAdaptercf' is active
2023-10-20 19:08:38.379 [info] Test server listening.
2023-10-20 19:08:38.385 [warning] Failed to check if /usr/bin/python3 is an executable [Error: ENOENT: no such file or directory, lstat '/usr/bin/python3'] {
  errno: -2,
  code: 'ENOENT',
  syscall: 'lstat',
  path: '/usr/bin/python3'
}
2023-10-20 19:08:38.625 [info] > /usr/bin/python3 -I ./kaic2023/.vscode-server/extensions/ms-python.python-2023.18.0/pythonFiles/get_output_via_markers.py ./kaic2023/.vscode-server/extensions/ms-python.python-2023.18.0/pythonFiles/interpreterInfo.py
2023-10-20 19:08:38.632 [error] [Error: Command failed: /usr/bin/python3 -I /home/kaic2023/.vscode-server/extensions/ms-python.python-2023.18.0/pythonFiles/get_output_via_markers.py /home/kaic2023/.vscode-server/extensions/ms-python.python-2023.18.0/pythonFiles/interpreterInfo.py
/bin/sh: /usr/bin/python3: No such file or directory

	at ChildProcess.exithandler (node:child_process:420:12)
	at ChildProcess.emit (node:events:513:28)
	at maybeClose (node:internal/child_process:1091:16)
	at Socket.<anonymous> (node:internal/child_process:449:11)
	at Socket.emit (node:events:513:28)
	at Pipe.<anonymous> (node:net:322:12)] {
  code: 127,
  killed: false,
  signal: null,
  cmd: '/usr/bin/python3 -I /home/kaic2023/.vscode-server/extensions/ms-python.python-2023.18.0/pythonFiles/get_output_via_markers.py /home/kaic2023/.vscode-server/extensions/ms-python.python-2023.18.0/pythonFiles/interpreterInfo.py'
}
2023-10-20 19:08:39.045 [warning] Failed to check if /usr/bin/python3 is an executable [Error: ENOENT: no such file or directory, lstat '/usr/bin/python3'] {
  errno: -2,
  code: 'ENOENT',
  syscall: 'lstat',
  path: '/usr/bin/python3'
}
2023-10-20 19:08:39.046 [warning] Failed to check if /usr/bin/python3 is an executable [Error: ENOENT: no such file or directory, lstat '/usr/bin/python3'] {
  errno: -2,
  code: 'ENOENT',
  syscall: 'lstat',
  path: '/usr/bin/python3'
}
2023-10-20 19:08:39.264 [warning] Failed to check if /usr/bin/python3 is an executable [Error: ENOENT: no such file or directory, lstat '/usr/bin/python3'] {
  errno: -2,
  code: 'ENOENT',
  syscall: 'lstat',
  path: '/usr/bin/python3'
}
2023-10-20 19:08:40.246 [warning] Failed to check if /usr/bin/python3 is an executable [Error: ENOENT: no such file or directory, lstat '/usr/bin/python3'] {
  errno: -2,
  code: 'ENOENT',
  syscall: 'lstat',
  path: '/usr/bin/python3'
}
2023-10-20 19:08:40.246 [warning] Failed to check if /usr/bin/python3 is an executable [Error: ENOENT: no such file or directory, lstat '/usr/bin/python3'] {
  errno: -2,
  code: 'ENOENT',
  syscall: 'lstat',
  path: '/usr/bin/python3'
}
2023-10-20 19:08:40.640 [info] > /usr/bin/python3 -I ./kaic2023/.vscode-server/extensions/ms-python.python-2023.18.0/pythonFiles/get_output_via_markers.py ./kaic2023/.vscode-server/extensions/ms-python.python-2023.18.0/pythonFiles/interpreterInfo.py
2023-10-20 19:08:40.643 [error] [Error: Command failed: /usr/bin/python3 -I /home/kaic2023/.vscode-server/extensions/ms-python.python-2023.18.0/pythonFiles/get_output_via_markers.py /home/kaic2023/.vscode-server/extensions/ms-python.python-2023.18.0/pythonFiles/interpreterInfo.py
/bin/sh: /usr/bin/python3: No such file or directory

	at ChildProcess.exithandler (node:child_process:420:12)
	at ChildProcess.emit (node:events:513:28)
	at maybeClose (node:internal/child_process:1091:16)
	at ChildProcess._handle.onexit (node:internal/child_process:302:5)] {
  code: 127,
  killed: false,
  signal: null,
  cmd: '/usr/bin/python3 -I /home/kaic2023/.vscode-server/extensions/ms-python.python-2023.18.0/pythonFiles/get_output_via_markers.py /home/kaic2023/.vscode-server/extensions/ms-python.python-2023.18.0/pythonFiles/interpreterInfo.py'
}
2023-10-20 19:08:40.646 [error] Unable to start Jedi language server as a valid interpreter is not selected
2023-10-20 19:08:40.654 [warning] Failed to check if /usr/bin/python3 is an executable [Error: ENOENT: no such file or directory, lstat '/usr/bin/python3'] {
  errno: -2,
  code: 'ENOENT',
  syscall: 'lstat',
  path: '/usr/bin/python3'
}
2023-10-20 19:08:40.654 [warning] Failed to check if /usr/bin/python3 is an executable [Error: ENOENT: no such file or directory, lstat '/usr/bin/python3'] {
  errno: -2,
  code: 'ENOENT',
  syscall: 'lstat',
  path: '/usr/bin/python3'
}
2023-10-20 19:08:40.655 [warning] Failed to check if /usr/bin/python3 is an executable [Error: ENOENT: no such file or directory, lstat '/usr/bin/python3'] {
  errno: -2,
  code: 'ENOENT',
  syscall: 'lstat',
  path: '/usr/bin/python3'
}
2023-10-20 19:08:40.655 [warning] Failed to check if /usr/bin/python3 is an executable [Error: ENOENT: no such file or directory, lstat '/usr/bin/python3'] {
  errno: -2,
  code: 'ENOENT',
  syscall: 'lstat',
  path: '/usr/bin/python3'
}
2023-10-20 19:08:51.951 [warning] Failed to check if /usr/bin/python3 is an executable [Error: ENOENT: no such file or directory, lstat '/usr/bin/python3'] {
  errno: -2,
  code: 'ENOENT',
  syscall: 'lstat',
  path: '/usr/bin/python3'
}
2023-10-20 19:09:17.374 [warning] Failed to check if /usr/bin/python3 is an executable [Error: ENOENT: no such file or directory, lstat '/usr/bin/python3'] {
  errno: -2,
  code: 'ENOENT',
  syscall: 'lstat',
  path: '/usr/bin/python3'
}
2023-10-20 19:09:17.375 [warning] Failed to check if /usr/bin/python3 is an executable [Error: ENOENT: no such file or directory, lstat '/usr/bin/python3'] {
  errno: -2,
  code: 'ENOENT',
  syscall: 'lstat',
  path: '/usr/bin/python3'
}
2023-10-20 19:09:37.057 [warning] Failed to check if /usr/bin/python3 is an executable [Error: ENOENT: no such file or directory, lstat '/usr/bin/python3'] {
  errno: -2,
  code: 'ENOENT',
  syscall: 'lstat',
  path: '/usr/bin/python3'
}
2023-10-20 19:09:37.057 [warning] Failed to check if /usr/bin/python3 is an executable [Error: ENOENT: no such file or directory, lstat '/usr/bin/python3'] {
  errno: -2,
  code: 'ENOENT',
  syscall: 'lstat',
  path: '/usr/bin/python3'
}
2023-10-20 19:10:04.719 [warning] Failed to check if /usr/bin/python3 is an executable [Error: ENOENT: no such file or directory, lstat '/usr/bin/python3'] {
  errno: -2,
  code: 'ENOENT',
  syscall: 'lstat',
  path: '/usr/bin/python3'
}
