2023-10-20 18:51:46.877 [info] Log level: Info
2023-10-20 18:51:46.877 [info] Validating found git in: "git"
2023-10-20 18:51:46.877 [info] Using git "1.8.3.1" from "git"
2023-10-20 18:51:46.877 [info] > git rev-parse --show-toplevel [63ms]
2023-10-20 18:51:46.877 [info] fatal: Not a git repository (or any of the parent directories): .git
2023-10-20 18:51:46.877 [info] > git rev-parse --show-toplevel [0ms]
2023-10-20 18:51:46.877 [info] fatal: Not a git repository (or any of the parent directories): .git
2023-10-20 18:51:46.877 [info] > git rev-parse --show-toplevel [1ms]
2023-10-20 18:51:46.877 [info] fatal: Not a git repository (or any of the parent directories): .git
2023-10-20 18:51:46.877 [info] > git rev-parse --show-toplevel [1ms]
2023-10-20 18:51:46.877 [info] fatal: Not a git repository (or any of the parent directories): .git
2023-10-20 18:51:46.877 [info] > git rev-parse --show-toplevel [0ms]
2023-10-20 18:51:46.877 [info] fatal: Not a git repository (or any of the parent directories): .git
2023-10-20 18:51:46.877 [info] > git rev-parse --show-toplevel [0ms]
2023-10-20 18:51:46.877 [info] fatal: Not a git repository (or any of the parent directories): .git
2023-10-20 18:51:46.877 [info] > git rev-parse --show-toplevel [0ms]
2023-10-20 18:51:46.877 [info] fatal: Not a git repository (or any of the parent directories): .git
2023-10-20 18:51:46.877 [info] > git rev-parse --show-toplevel [0ms]
2023-10-20 18:51:46.877 [info] fatal: Not a git repository (or any of the parent directories): .git
2023-10-20 18:51:46.877 [info] > git rev-parse --show-toplevel [0ms]
2023-10-20 18:51:46.877 [info] fatal: Not a git repository (or any of the parent directories): .git
2023-10-20 18:51:46.877 [info] > git rev-parse --show-toplevel [1ms]
2023-10-20 18:51:46.877 [info] fatal: Not a git repository (or any of the parent directories): .git
2023-10-20 18:51:46.877 [info] > git rev-parse --show-toplevel [1ms]
2023-10-20 18:51:46.877 [info] fatal: Not a git repository (or any of the parent directories): .git
2023-10-20 18:51:46.877 [info] > git rev-parse --show-toplevel [0ms]
2023-10-20 18:51:46.877 [info] fatal: Not a git repository (or any of the parent directories): .git
2023-10-20 18:51:46.877 [info] > git rev-parse --show-toplevel [0ms]
2023-10-20 18:51:46.877 [info] fatal: Not a git repository (or any of the parent directories): .git
2023-10-20 18:51:46.877 [info] > git rev-parse --show-toplevel [0ms]
2023-10-20 18:51:46.877 [info] fatal: Not a git repository (or any of the parent directories): .git
2023-10-20 18:51:46.877 [info] > git rev-parse --show-toplevel [1ms]
2023-10-20 18:51:46.877 [info] fatal: Not a git repository (or any of the parent directories): .git
2023-10-20 18:51:46.877 [info] > git rev-parse --show-toplevel [1ms]
2023-10-20 18:51:46.877 [info] fatal: Not a git repository (or any of the parent directories): .git
2023-10-20 18:51:46.877 [info] > git rev-parse --show-toplevel [0ms]
2023-10-20 18:51:46.877 [info] fatal: Not a git repository (or any of the parent directories): .git
2023-10-20 18:51:46.877 [info] > git rev-parse --show-toplevel [0ms]
2023-10-20 18:51:46.877 [info] fatal: Not a git repository (or any of the parent directories): .git
2023-10-20 18:54:32.561 [info] > git rev-parse --show-toplevel [2ms]
2023-10-20 18:54:32.561 [info] fatal: Not a git repository (or any of the parent directories): .git
2023-10-20 18:54:34.559 [info] > git rev-parse --show-toplevel [1ms]
2023-10-20 18:54:34.559 [info] fatal: Not a git repository (or any of the parent directories): .git
2023-10-20 18:55:46.676 [info] > git rev-parse --show-toplevel [1ms]
2023-10-20 18:55:46.676 [info] fatal: Not a git repository (or any of the parent directories): .git
2023-10-20 18:56:50.573 [info] > git rev-parse --show-toplevel [1ms]
2023-10-20 18:56:50.573 [info] fatal: Not a git repository (or any of the parent directories): .git
