*
* Visual Studio Code Server
*
* By using the software, you agree to
* the Visual Studio Code Server License Terms (https://aka.ms/vscode-server-license) and
* the Microsoft Privacy Statement (https://privacy.microsoft.com/en-US/privacystatement).
*
Server bound to 127.0.0.1:46606 (IPv4)
Extension host agent listening on 46606

[17:18:31] Extension host agent started.
[17:18:31] [/home/kaic2023/.vscode-server/extensions/ms-python.python-2023.18.0]: Extension is not compatible with Code 1.74.3. Extension requires: ^1.82.0.
[17:18:31] [/home/kaic2023/.vscode-server/extensions/ms-python.python-2023.18.0]: Extension is not compatible with Code 1.74.3. Extension requires: ^1.82.0.
[17:18:31] [127.0.0.1][a35b9ac7][ManagementConnection] New connection established.
[17:18:31] [127.0.0.1][d70649b0][ExtensionHostConnection] New connection established.
[17:18:31] [127.0.0.1][d70649b0][ExtensionHostConnection] <76658> Launched Extension Host Process.
[17:18:31] [/home/kaic2023/.vscode-server/extensions/ms-python.python-2023.18.0]: Extension is not compatible with Code 1.74.3. Extension requires: ^1.82.0.
[17:18:31] [/home/kaic2023/.vscode-server/extensions/ms-python.python-2023.18.0]: Extension is not compatible with Code 1.74.3. Extension requires: ^1.82.0.
[17:18:31] [/home/kaic2023/.vscode-server/extensions/ms-python.python-2023.18.0]: Extension is not compatible with Code 1.74.3. Extension requires: ^1.82.0.
[17:18:32] [/home/kaic2023/.vscode-server/extensions/ms-python.python-2023.18.0]: Extension is not compatible with Code 1.74.3. Extension requires: ^1.82.0.
[17:18:32] [/home/kaic2023/.vscode-server/extensions/ms-python.python-2023.18.0]: Extension is not compatible with Code 1.74.3. Extension requires: ^1.82.0.
[17:18:32] [/home/kaic2023/.vscode-server/extensions/ms-python.python-2023.18.0]: Extension is not compatible with Code 1.74.3. Extension requires: ^1.82.0.
[17:18:32] [/home/kaic2023/.vscode-server/extensions/ms-python.python-2023.18.0]: Extension is not compatible with Code 1.74.3. Extension requires: ^1.82.0.
[17:18:32] [/home/kaic2023/.vscode-server/extensions/ms-python.python-2023.18.0]: Extension is not compatible with Code 1.74.3. Extension requires: ^1.82.0.
[17:18:33] [127.0.0.1][a35b9ac7][ManagementConnection] The client has disconnected gracefully, so the connection will be disposed.
[17:18:33] [127.0.0.1][d70649b0][ExtensionHostConnection] <76658> Extension Host Process exited with code: 0, signal: null.
Last EH closed, waiting before shutting down
[17:18:33] Last EH closed, waiting before shutting down
[17:18:34] [/home/kaic2023/.vscode-server/extensions/ms-python.python-2023.18.0]: Extension is not compatible with Code 1.74.3. Extension requires: ^1.82.0.
Got delay-shutdown request while in shutdown timeout, delaying
[17:18:44] Got delay-shutdown request while in shutdown timeout, delaying
Cancelling previous shutdown timeout
[17:18:44] Cancelling previous shutdown timeout
[17:18:44] [127.0.0.1][09867e94][ManagementConnection] New connection established.
[17:18:44] [127.0.0.1][a2e363af][ExtensionHostConnection] New connection established.
[17:18:44] [127.0.0.1][a2e363af][ExtensionHostConnection] <76752> Launched Extension Host Process.
[17:18:44] [/home/kaic2023/.vscode-server/extensions/ms-python.python-2023.18.0]: Extension is not compatible with Code 1.74.3. Extension requires: ^1.82.0.
[17:18:44] [/home/kaic2023/.vscode-server/extensions/ms-python.python-2023.18.0]: Extension is not compatible with Code 1.74.3. Extension requires: ^1.82.0.
[17:18:44] [/home/kaic2023/.vscode-server/extensions/ms-python.python-2023.18.0]: Extension is not compatible with Code 1.74.3. Extension requires: ^1.82.0.
[17:18:44] [/home/kaic2023/.vscode-server/extensions/ms-python.python-2023.18.0]: Extension is not compatible with Code 1.74.3. Extension requires: ^1.82.0.
[17:18:44] [/home/kaic2023/.vscode-server/extensions/ms-python.python-2023.18.0]: Extension is not compatible with Code 1.74.3. Extension requires: ^1.82.0.
[17:18:44] [/home/kaic2023/.vscode-server/extensions/ms-python.python-2023.18.0]: Extension is not compatible with Code 1.74.3. Extension requires: ^1.82.0.
[IPC Library: Pty Host]  WARN Shell integration cannot be enabled for executable "/bin/sh" and args [
  '-c',
  'wget --version > /dev/null\n' +
    'if [ $? -eq 0 ]\n' +
    'then\n' +
    "\twget --connect-timeout=7 --tries=1 --dns-timeout=7 -q --header='Metadata:true' -O - http://169.254.169.254/metadata/instance?api-version=2019-03-11\n" +
    'else\n' +
    '\tcurl --version > /dev/null\n' +
    '\tif [ $? -eq 0 ]\n' +
    '\tthen\n' +
    "\t\tcurl --connect-timeout 7 -s --header='Metadata:true' http://169.254.169.254/metadata/instance?api-version=2019-03-11\n" +
    '\tfi\n' +
    'fi\n' +
    'exit 0'
]
[17:18:45] [/home/kaic2023/.vscode-server/extensions/ms-python.python-2023.18.0]: Extension is not compatible with Code 1.74.3. Extension requires: ^1.82.0.
[IPC Library: Pty Host]  WARN Shell integration cannot be enabled for executable "/bin/sh" and args [
  '-c',
  'wget --version > /dev/null\n' +
    'if [ $? -eq 0 ]\n' +
    'then\n' +
    '\twget --connect-timeout=7 --tries=1 --dns-timeout=7 -q  -O - http://169.254.169.254/latest/meta-data/instance-id\n' +
    'else\n' +
    '\tcurl --version > /dev/null\n' +
    '\tif [ $? -eq 0 ]\n' +
    '\tthen\n' +
    '\t\tcurl --connect-timeout 7 -s  http://169.254.169.254/latest/meta-data/instance-id\n' +
    '\tfi\n' +
    'fi\n' +
    'exit 0'
]
[IPC Library: Pty Host]  WARN Shell integration cannot be enabled for executable "/bin/sh" and args [
  '-c',
  'wget --version > /dev/null\n' +
    'if [ $? -eq 0 ]\n' +
    'then\n' +
    '\twget --connect-timeout=7 --tries=1 --dns-timeout=7 -q  -O - http://169.254.169.254/metadata/v1/id\n' +
    'else\n' +
    '\tcurl --version > /dev/null\n' +
    '\tif [ $? -eq 0 ]\n' +
    '\tthen\n' +
    '\t\tcurl --connect-timeout 7 -s  http://169.254.169.254/metadata/v1/id\n' +
    '\tfi\n' +
    'fi\n' +
    'exit 0'
]
[IPC Library: Pty Host]  WARN Shell integration cannot be enabled for executable "/bin/sh" and args [
  '-c',
  'wget --version > /dev/null\n' +
    'if [ $? -eq 0 ]\n' +
    'then\n' +
    "\twget --connect-timeout=7 --tries=1 --dns-timeout=7 -q --header='Metadata-Flavor:Google' -O - http://metadata.google.internal/computeMetadata/v1/instance/id\n" +
    'else\n' +
    '\tcurl --version > /dev/null\n' +
    '\tif [ $? -eq 0 ]\n' +
    '\tthen\n' +
    "\t\tcurl --connect-timeout 7 -s --header='Metadata-Flavor:Google' http://metadata.google.internal/computeMetadata/v1/instance/id\n" +
    '\tfi\n' +
    'fi\n' +
    'exit 0'
]
[17:18:45] [/home/kaic2023/.vscode-server/extensions/ms-python.python-2023.18.0]: Extension is not compatible with Code 1.74.3. Extension requires: ^1.82.0.
[17:18:47] [/home/kaic2023/.vscode-server/extensions/ms-python.python-2023.18.0]: Extension is not compatible with Code 1.74.3. Extension requires: ^1.82.0.
[17:19:55] [127.0.0.1][a2e363af][ExtensionHostConnection] The client has reconnected.
New EH opened, aborting shutdown
[17:23:44] New EH opened, aborting shutdown
[18:43:47] [127.0.0.1][3a19fdcf][ManagementConnection] New connection established.
[18:43:47] [127.0.0.1][55336d2d][ExtensionHostConnection] New connection established.
[18:43:47] [127.0.0.1][55336d2d][ExtensionHostConnection] <82093> Launched Extension Host Process.
[18:43:47] [/home/kaic2023/.vscode-server/extensions/ms-python.python-2023.18.0]: Extension is not compatible with Code 1.74.3. Extension requires: ^1.82.0.
[18:43:47] [/home/kaic2023/.vscode-server/extensions/ms-python.python-2023.18.0]: Extension is not compatible with Code 1.74.3. Extension requires: ^1.82.0.
[18:43:47] [/home/kaic2023/.vscode-server/extensions/ms-python.python-2023.18.0]: Extension is not compatible with Code 1.74.3. Extension requires: ^1.82.0.
[18:43:47] [/home/kaic2023/.vscode-server/extensions/ms-python.python-2023.18.0]: Extension is not compatible with Code 1.74.3. Extension requires: ^1.82.0.
[18:43:47] [/home/kaic2023/.vscode-server/extensions/ms-python.python-2023.18.0]: Extension is not compatible with Code 1.74.3. Extension requires: ^1.82.0.
[18:43:47] [/home/kaic2023/.vscode-server/extensions/ms-python.python-2023.18.0]: Extension is not compatible with Code 1.74.3. Extension requires: ^1.82.0.
[IPC Library: Pty Host]  WARN Shell integration cannot be enabled for executable "/bin/sh" and args [
  '-c',
  'wget --version > /dev/null\n' +
    'if [ $? -eq 0 ]\n' +
    'then\n' +
    "\twget --connect-timeout=7 --tries=1 --dns-timeout=7 -q --header='Metadata:true' -O - http://169.254.169.254/metadata/instance?api-version=2019-03-11\n" +
    'else\n' +
    '\tcurl --version > /dev/null\n' +
    '\tif [ $? -eq 0 ]\n' +
    '\tthen\n' +
    "\t\tcurl --connect-timeout 7 -s --header='Metadata:true' http://169.254.169.254/metadata/instance?api-version=2019-03-11\n" +
    '\tfi\n' +
    'fi\n' +
    'exit 0'
]
[IPC Library: Pty Host]  WARN Shell integration cannot be enabled for executable "/bin/sh" and args [
  '-c',
  'wget --version > /dev/null\n' +
    'if [ $? -eq 0 ]\n' +
    'then\n' +
    '\twget --connect-timeout=7 --tries=1 --dns-timeout=7 -q  -O - http://169.254.169.254/latest/meta-data/instance-id\n' +
    'else\n' +
    '\tcurl --version > /dev/null\n' +
    '\tif [ $? -eq 0 ]\n' +
    '\tthen\n' +
    '\t\tcurl --connect-timeout 7 -s  http://169.254.169.254/latest/meta-data/instance-id\n' +
    '\tfi\n' +
    'fi\n' +
    'exit 0'
]
[IPC Library: Pty Host]  WARN Shell integration cannot be enabled for executable "/bin/sh" and args [
  '-c',
  'wget --version > /dev/null\n' +
    'if [ $? -eq 0 ]\n' +
    'then\n' +
    '\twget --connect-timeout=7 --tries=1 --dns-timeout=7 -q  -O - http://169.254.169.254/metadata/v1/id\n' +
    'else\n' +
    '\tcurl --version > /dev/null\n' +
    '\tif [ $? -eq 0 ]\n' +
    '\tthen\n' +
    '\t\tcurl --connect-timeout 7 -s  http://169.254.169.254/metadata/v1/id\n' +
    '\tfi\n' +
    'fi\n' +
    'exit 0'
]
[IPC Library: Pty Host]  WARN Shell integration cannot be enabled for executable "/bin/sh" and args [
  '-c',
  'wget --version > /dev/null\n' +
    'if [ $? -eq 0 ]\n' +
    'then\n' +
    "\twget --connect-timeout=7 --tries=1 --dns-timeout=7 -q --header='Metadata-Flavor:Google' -O - http://metadata.google.internal/computeMetadata/v1/instance/id\n" +
    'else\n' +
    '\tcurl --version > /dev/null\n' +
    '\tif [ $? -eq 0 ]\n' +
    '\tthen\n' +
    "\t\tcurl --connect-timeout 7 -s --header='Metadata-Flavor:Google' http://metadata.google.internal/computeMetadata/v1/instance/id\n" +
    '\tfi\n' +
    'fi\n' +
    'exit 0'
]
[18:43:48] [/home/kaic2023/.vscode-server/extensions/ms-python.python-2023.18.0]: Extension is not compatible with Code 1.74.3. Extension requires: ^1.82.0.
[18:43:48] [/home/kaic2023/.vscode-server/extensions/ms-python.python-2023.18.0]: Extension is not compatible with Code 1.74.3. Extension requires: ^1.82.0.
[18:43:50] [/home/kaic2023/.vscode-server/extensions/ms-python.python-2023.18.0]: Extension is not compatible with Code 1.74.3. Extension requires: ^1.82.0.
[IPC Library: Pty Host]  WARN Persistent process "9": Process had no disconnect runners but was an orphan
[IPC Library: Pty Host]  INFO Persistent process reconnection "9"
[IPC Library: Pty Host]  INFO Persistent process "9": Replaying 10715 chars and 1 size events
[18:48:47] [127.0.0.1][a2e363af][ExtensionHostConnection] <76752> Extension Host Process exited with code: 0, signal: null.
[18:48:48] [/home/kaic2023/.vscode-server/extensions/ms-python.python-2023.18.0]: Extension is not compatible with Code 1.74.3. Extension requires: ^1.82.0.
[18:51:33] [127.0.0.1][3a19fdcf][ManagementConnection] The client has disconnected gracefully, so the connection will be disposed.
[18:51:33] [127.0.0.1][55336d2d][ExtensionHostConnection] <82093> Extension Host Process exited with code: 0, signal: null.
Last EH closed, waiting before shutting down
[18:51:33] Last EH closed, waiting before shutting down
Got delay-shutdown request while in shutdown timeout, delaying
[18:51:42] Got delay-shutdown request while in shutdown timeout, delaying
Cancelling previous shutdown timeout
[18:51:42] Cancelling previous shutdown timeout
[18:51:42] [127.0.0.1][86a35812][ManagementConnection] New connection established.
[18:51:42] [127.0.0.1][0b82475c][ExtensionHostConnection] New connection established.
[18:51:42] [127.0.0.1][0b82475c][ExtensionHostConnection] <83390> Launched Extension Host Process.
[18:51:42] [/home/kaic2023/.vscode-server/extensions/ms-python.python-2023.18.0]: Extension is not compatible with Code 1.74.3. Extension requires: ^1.82.0.
[18:51:42] [/home/kaic2023/.vscode-server/extensions/ms-python.python-2023.18.0]: Extension is not compatible with Code 1.74.3. Extension requires: ^1.82.0.
[18:51:44] [/home/kaic2023/.vscode-server/extensions/ms-python.python-2023.18.0]: Extension is not compatible with Code 1.74.3. Extension requires: ^1.82.0.
[18:51:44] [/home/kaic2023/.vscode-server/extensions/ms-python.python-2023.18.0]: Extension is not compatible with Code 1.74.3. Extension requires: ^1.82.0.
[18:51:44] [/home/kaic2023/.vscode-server/extensions/ms-python.python-2023.18.0]: Extension is not compatible with Code 1.74.3. Extension requires: ^1.82.0.
[18:51:44] [/home/kaic2023/.vscode-server/extensions/ms-python.python-2023.18.0]: Extension is not compatible with Code 1.74.3. Extension requires: ^1.82.0.
[18:51:44] [/home/kaic2023/.vscode-server/extensions/ms-python.python-2023.18.0]: Extension is not compatible with Code 1.74.3. Extension requires: ^1.82.0.
[18:51:45] [/home/kaic2023/.vscode-server/extensions/ms-python.python-2023.18.0]: Extension is not compatible with Code 1.74.3. Extension requires: ^1.82.0.
[IPC Library: Pty Host]  WARN Shell integration cannot be enabled for executable "/bin/sh" and args [
  '-c',
  'wget --version > /dev/null\n' +
    'if [ $? -eq 0 ]\n' +
    'then\n' +
    "\twget --connect-timeout=7 --tries=1 --dns-timeout=7 -q --header='Metadata:true' -O - http://169.254.169.254/metadata/instance?api-version=2019-03-11\n" +
    'else\n' +
    '\tcurl --version > /dev/null\n' +
    '\tif [ $? -eq 0 ]\n' +
    '\tthen\n' +
    "\t\tcurl --connect-timeout 7 -s --header='Metadata:true' http://169.254.169.254/metadata/instance?api-version=2019-03-11\n" +
    '\tfi\n' +
    'fi\n' +
    'exit 0'
]
[IPC Library: Pty Host]  WARN Shell integration cannot be enabled for executable "/bin/sh" and args [
  '-c',
  'wget --version > /dev/null\n' +
    'if [ $? -eq 0 ]\n' +
    'then\n' +
    '\twget --connect-timeout=7 --tries=1 --dns-timeout=7 -q  -O - http://169.254.169.254/latest/meta-data/instance-id\n' +
    'else\n' +
    '\tcurl --version > /dev/null\n' +
    '\tif [ $? -eq 0 ]\n' +
    '\tthen\n' +
    '\t\tcurl --connect-timeout 7 -s  http://169.254.169.254/latest/meta-data/instance-id\n' +
    '\tfi\n' +
    'fi\n' +
    'exit 0'
]
[IPC Library: Pty Host]  WARN Shell integration cannot be enabled for executable "/bin/sh" and args [
  '-c',
  'wget --version > /dev/null\n' +
    'if [ $? -eq 0 ]\n' +
    'then\n' +
    '\twget --connect-timeout=7 --tries=1 --dns-timeout=7 -q  -O - http://169.254.169.254/metadata/v1/id\n' +
    'else\n' +
    '\tcurl --version > /dev/null\n' +
    '\tif [ $? -eq 0 ]\n' +
    '\tthen\n' +
    '\t\tcurl --connect-timeout 7 -s  http://169.254.169.254/metadata/v1/id\n' +
    '\tfi\n' +
    'fi\n' +
    'exit 0'
]
[IPC Library: Pty Host]  WARN Shell integration cannot be enabled for executable "/bin/sh" and args [
  '-c',
  'wget --version > /dev/null\n' +
    'if [ $? -eq 0 ]\n' +
    'then\n' +
    "\twget --connect-timeout=7 --tries=1 --dns-timeout=7 -q --header='Metadata-Flavor:Google' -O - http://metadata.google.internal/computeMetadata/v1/instance/id\n" +
    'else\n' +
    '\tcurl --version > /dev/null\n' +
    '\tif [ $? -eq 0 ]\n' +
    '\tthen\n' +
    "\t\tcurl --connect-timeout 7 -s --header='Metadata-Flavor:Google' http://metadata.google.internal/computeMetadata/v1/instance/id\n" +
    '\tfi\n' +
    'fi\n' +
    'exit 0'
]
[18:51:45] [/home/kaic2023/.vscode-server/extensions/ms-python.python-2023.18.0]: Extension is not compatible with Code 1.74.3. Extension requires: ^1.82.0.
rejected promise not handled within 1 second: CodeExpectedError: Could not find pty on pty host
stack trace: CodeExpectedError: Could not find pty on pty host
    at h.J (/home/kaic2023/.vscode-server/bin/97dec172d3256f8ca4bfb2143f3f76b503ca0534/out/vs/platform/terminal/node/ptyHostMain.js:27:6395)
    at h.updateIcon (/home/kaic2023/.vscode-server/bin/97dec172d3256f8ca4bfb2143f3f76b503ca0534/out/vs/platform/terminal/node/ptyHostMain.js:27:2715)
    at Object.call (/home/kaic2023/.vscode-server/bin/97dec172d3256f8ca4bfb2143f3f76b503ca0534/out/vs/platform/terminal/node/ptyHostMain.js:17:5110)
    at r.q (/home/kaic2023/.vscode-server/bin/97dec172d3256f8ca4bfb2143f3f76b503ca0534/out/vs/platform/terminal/node/ptyHostMain.js:15:5390)
    at r.p (/home/kaic2023/.vscode-server/bin/97dec172d3256f8ca4bfb2143f3f76b503ca0534/out/vs/platform/terminal/node/ptyHostMain.js:15:4881)
    at /home/kaic2023/.vscode-server/bin/97dec172d3256f8ca4bfb2143f3f76b503ca0534/out/vs/platform/terminal/node/ptyHostMain.js:15:4286
    at n.invoke (/home/kaic2023/.vscode-server/bin/97dec172d3256f8ca4bfb2143f3f76b503ca0534/out/vs/platform/terminal/node/ptyHostMain.js:11:145)
    at C.deliver (/home/kaic2023/.vscode-server/bin/97dec172d3256f8ca4bfb2143f3f76b503ca0534/out/vs/platform/terminal/node/ptyHostMain.js:11:2038)
    at v.fire (/home/kaic2023/.vscode-server/bin/97dec172d3256f8ca4bfb2143f3f76b503ca0534/out/vs/platform/terminal/node/ptyHostMain.js:11:1676)
    at process.O (/home/kaic2023/.vscode-server/bin/97dec172d3256f8ca4bfb2143f3f76b503ca0534/out/vs/platform/terminal/node/ptyHostMain.js:9:20886)
    at process.emit (node:events:526:28)
    at emit (node:internal/child_process:938:14)
    at processTicksAndRejections (node:internal/process/task_queues:84:21)
[18:51:47] Error [CodeExpectedError]: Could not find pty on pty host
    at h.J (/home/kaic2023/.vscode-server/bin/97dec172d3256f8ca4bfb2143f3f76b503ca0534/out/vs/platform/terminal/node/ptyHostMain.js:27:6395)
    at h.updateIcon (/home/kaic2023/.vscode-server/bin/97dec172d3256f8ca4bfb2143f3f76b503ca0534/out/vs/platform/terminal/node/ptyHostMain.js:27:2715)
    at Object.call (/home/kaic2023/.vscode-server/bin/97dec172d3256f8ca4bfb2143f3f76b503ca0534/out/vs/platform/terminal/node/ptyHostMain.js:17:5110)
    at r.q (/home/kaic2023/.vscode-server/bin/97dec172d3256f8ca4bfb2143f3f76b503ca0534/out/vs/platform/terminal/node/ptyHostMain.js:15:5390)
    at r.p (/home/kaic2023/.vscode-server/bin/97dec172d3256f8ca4bfb2143f3f76b503ca0534/out/vs/platform/terminal/node/ptyHostMain.js:15:4881)
    at /home/kaic2023/.vscode-server/bin/97dec172d3256f8ca4bfb2143f3f76b503ca0534/out/vs/platform/terminal/node/ptyHostMain.js:15:4286
    at n.invoke (/home/kaic2023/.vscode-server/bin/97dec172d3256f8ca4bfb2143f3f76b503ca0534/out/vs/platform/terminal/node/ptyHostMain.js:11:145)
    at C.deliver (/home/kaic2023/.vscode-server/bin/97dec172d3256f8ca4bfb2143f3f76b503ca0534/out/vs/platform/terminal/node/ptyHostMain.js:11:2038)
    at v.fire (/home/kaic2023/.vscode-server/bin/97dec172d3256f8ca4bfb2143f3f76b503ca0534/out/vs/platform/terminal/node/ptyHostMain.js:11:1676)
    at process.O (/home/kaic2023/.vscode-server/bin/97dec172d3256f8ca4bfb2143f3f76b503ca0534/out/vs/platform/terminal/node/ptyHostMain.js:9:20886)
    at process.emit (node:events:526:28)
    at emit (node:internal/child_process:938:14)
    at processTicksAndRejections (node:internal/process/task_queues:84:21)
rejected promise not handled within 1 second: CodeExpectedError: Could not find pty on pty host
stack trace: CodeExpectedError: Could not find pty on pty host
    at h.J (/home/kaic2023/.vscode-server/bin/97dec172d3256f8ca4bfb2143f3f76b503ca0534/out/vs/platform/terminal/node/ptyHostMain.js:27:6395)
    at h.updateTitle (/home/kaic2023/.vscode-server/bin/97dec172d3256f8ca4bfb2143f3f76b503ca0534/out/vs/platform/terminal/node/ptyHostMain.js:27:2665)
    at Object.call (/home/kaic2023/.vscode-server/bin/97dec172d3256f8ca4bfb2143f3f76b503ca0534/out/vs/platform/terminal/node/ptyHostMain.js:17:5110)
    at r.q (/home/kaic2023/.vscode-server/bin/97dec172d3256f8ca4bfb2143f3f76b503ca0534/out/vs/platform/terminal/node/ptyHostMain.js:15:5390)
    at r.p (/home/kaic2023/.vscode-server/bin/97dec172d3256f8ca4bfb2143f3f76b503ca0534/out/vs/platform/terminal/node/ptyHostMain.js:15:4881)
    at /home/kaic2023/.vscode-server/bin/97dec172d3256f8ca4bfb2143f3f76b503ca0534/out/vs/platform/terminal/node/ptyHostMain.js:15:4286
    at n.invoke (/home/kaic2023/.vscode-server/bin/97dec172d3256f8ca4bfb2143f3f76b503ca0534/out/vs/platform/terminal/node/ptyHostMain.js:11:145)
    at C.deliver (/home/kaic2023/.vscode-server/bin/97dec172d3256f8ca4bfb2143f3f76b503ca0534/out/vs/platform/terminal/node/ptyHostMain.js:11:2038)
    at v.fire (/home/kaic2023/.vscode-server/bin/97dec172d3256f8ca4bfb2143f3f76b503ca0534/out/vs/platform/terminal/node/ptyHostMain.js:11:1676)
    at process.O (/home/kaic2023/.vscode-server/bin/97dec172d3256f8ca4bfb2143f3f76b503ca0534/out/vs/platform/terminal/node/ptyHostMain.js:9:20886)
    at process.emit (node:events:526:28)
    at emit (node:internal/child_process:938:14)
    at processTicksAndRejections (node:internal/process/task_queues:84:21)
[18:51:47] Error [CodeExpectedError]: Could not find pty on pty host
    at h.J (/home/kaic2023/.vscode-server/bin/97dec172d3256f8ca4bfb2143f3f76b503ca0534/out/vs/platform/terminal/node/ptyHostMain.js:27:6395)
    at h.updateTitle (/home/kaic2023/.vscode-server/bin/97dec172d3256f8ca4bfb2143f3f76b503ca0534/out/vs/platform/terminal/node/ptyHostMain.js:27:2665)
    at Object.call (/home/kaic2023/.vscode-server/bin/97dec172d3256f8ca4bfb2143f3f76b503ca0534/out/vs/platform/terminal/node/ptyHostMain.js:17:5110)
    at r.q (/home/kaic2023/.vscode-server/bin/97dec172d3256f8ca4bfb2143f3f76b503ca0534/out/vs/platform/terminal/node/ptyHostMain.js:15:5390)
    at r.p (/home/kaic2023/.vscode-server/bin/97dec172d3256f8ca4bfb2143f3f76b503ca0534/out/vs/platform/terminal/node/ptyHostMain.js:15:4881)
    at /home/kaic2023/.vscode-server/bin/97dec172d3256f8ca4bfb2143f3f76b503ca0534/out/vs/platform/terminal/node/ptyHostMain.js:15:4286
    at n.invoke (/home/kaic2023/.vscode-server/bin/97dec172d3256f8ca4bfb2143f3f76b503ca0534/out/vs/platform/terminal/node/ptyHostMain.js:11:145)
    at C.deliver (/home/kaic2023/.vscode-server/bin/97dec172d3256f8ca4bfb2143f3f76b503ca0534/out/vs/platform/terminal/node/ptyHostMain.js:11:2038)
    at v.fire (/home/kaic2023/.vscode-server/bin/97dec172d3256f8ca4bfb2143f3f76b503ca0534/out/vs/platform/terminal/node/ptyHostMain.js:11:1676)
    at process.O (/home/kaic2023/.vscode-server/bin/97dec172d3256f8ca4bfb2143f3f76b503ca0534/out/vs/platform/terminal/node/ptyHostMain.js:9:20886)
    at process.emit (node:events:526:28)
    at emit (node:internal/child_process:938:14)
    at processTicksAndRejections (node:internal/process/task_queues:84:21)
New EH opened, aborting shutdown
[18:56:42] New EH opened, aborting shutdown
[18:56:43] [/home/kaic2023/.vscode-server/extensions/ms-python.python-2023.18.0]: Extension is not compatible with Code 1.74.3. Extension requires: ^1.82.0.
[18:56:50] [127.0.0.1][0b82475c][ExtensionHostConnection] The client has reconnected.
[19:06:04] [127.0.0.1][9d4fc67d][ManagementConnection] New connection established.
[19:06:04] [127.0.0.1][9b9424d0][ExtensionHostConnection] New connection established.
[19:06:04] [127.0.0.1][9b9424d0][ExtensionHostConnection] <86191> Launched Extension Host Process.
[19:06:04] [/home/kaic2023/.vscode-server/extensions/ms-python.python-2023.18.0]: Extension is not compatible with Code 1.74.3. Extension requires: ^1.82.0.
[19:06:04] [/home/kaic2023/.vscode-server/extensions/ms-python.python-2023.18.0]: Extension is not compatible with Code 1.74.3. Extension requires: ^1.82.0.
[19:06:05] [/home/kaic2023/.vscode-server/extensions/ms-python.python-2023.18.0]: Extension is not compatible with Code 1.74.3. Extension requires: ^1.82.0.
[19:06:05] [/home/kaic2023/.vscode-server/extensions/ms-python.python-2023.18.0]: Extension is not compatible with Code 1.74.3. Extension requires: ^1.82.0.
[19:06:05] [/home/kaic2023/.vscode-server/extensions/ms-python.python-2023.18.0]: Extension is not compatible with Code 1.74.3. Extension requires: ^1.82.0.
[19:06:05] [/home/kaic2023/.vscode-server/extensions/ms-python.python-2023.18.0]: Extension is not compatible with Code 1.74.3. Extension requires: ^1.82.0.
[19:06:05] [/home/kaic2023/.vscode-server/extensions/ms-python.python-2023.18.0]: Extension is not compatible with Code 1.74.3. Extension requires: ^1.82.0.
[IPC Library: Pty Host]  WARN Shell integration cannot be enabled for executable "/bin/sh" and args [
  '-c',
  'wget --version > /dev/null\n' +
    'if [ $? -eq 0 ]\n' +
    'then\n' +
    "\twget --connect-timeout=7 --tries=1 --dns-timeout=7 -q --header='Metadata:true' -O - http://169.254.169.254/metadata/instance?api-version=2019-03-11\n" +
    'else\n' +
    '\tcurl --version > /dev/null\n' +
    '\tif [ $? -eq 0 ]\n' +
    '\tthen\n' +
    "\t\tcurl --connect-timeout 7 -s --header='Metadata:true' http://169.254.169.254/metadata/instance?api-version=2019-03-11\n" +
    '\tfi\n' +
    'fi\n' +
    'exit 0'
]
[IPC Library: Pty Host]  WARN Shell integration cannot be enabled for executable "/bin/sh" and args [
  '-c',
  'wget --version > /dev/null\n' +
    'if [ $? -eq 0 ]\n' +
    'then\n' +
    '\twget --connect-timeout=7 --tries=1 --dns-timeout=7 -q  -O - http://169.254.169.254/latest/meta-data/instance-id\n' +
    'else\n' +
    '\tcurl --version > /dev/null\n' +
    '\tif [ $? -eq 0 ]\n' +
    '\tthen\n' +
    '\t\tcurl --connect-timeout 7 -s  http://169.254.169.254/latest/meta-data/instance-id\n' +
    '\tfi\n' +
    'fi\n' +
    'exit 0'
]
[IPC Library: Pty Host]  WARN Shell integration cannot be enabled for executable "/bin/sh" and args [
  '-c',
  'wget --version > /dev/null\n' +
    'if [ $? -eq 0 ]\n' +
    'then\n' +
    '\twget --connect-timeout=7 --tries=1 --dns-timeout=7 -q  -O - http://169.254.169.254/metadata/v1/id\n' +
    'else\n' +
    '\tcurl --version > /dev/null\n' +
    '\tif [ $? -eq 0 ]\n' +
    '\tthen\n' +
    '\t\tcurl --connect-timeout 7 -s  http://169.254.169.254/metadata/v1/id\n' +
    '\tfi\n' +
    'fi\n' +
    'exit 0'
]
[IPC Library: Pty Host]  WARN Shell integration cannot be enabled for executable "/bin/sh" and args [
  '-c',
  'wget --version > /dev/null\n' +
    'if [ $? -eq 0 ]\n' +
    'then\n' +
    "\twget --connect-timeout=7 --tries=1 --dns-timeout=7 -q --header='Metadata-Flavor:Google' -O - http://metadata.google.internal/computeMetadata/v1/instance/id\n" +
    'else\n' +
    '\tcurl --version > /dev/null\n' +
    '\tif [ $? -eq 0 ]\n' +
    '\tthen\n' +
    "\t\tcurl --connect-timeout 7 -s --header='Metadata-Flavor:Google' http://metadata.google.internal/computeMetadata/v1/instance/id\n" +
    '\tfi\n' +
    'fi\n' +
    'exit 0'
]
[19:06:05] [/home/kaic2023/.vscode-server/extensions/ms-python.python-2023.18.0]: Extension is not compatible with Code 1.74.3. Extension requires: ^1.82.0.
[19:06:07] [/home/kaic2023/.vscode-server/extensions/ms-python.python-2023.18.0]: Extension is not compatible with Code 1.74.3. Extension requires: ^1.82.0.
[IPC Library: Pty Host]  WARN Persistent process "19": Process had no disconnect runners but was an orphan
[IPC Library: Pty Host]  INFO Persistent process reconnection "19"
[IPC Library: Pty Host]  INFO Persistent process "19": Replaying 9734 chars and 1 size events
[19:09:04] [127.0.0.1][9d4fc67d][ManagementConnection] The client has disconnected gracefully, so the connection will be disposed.
[19:09:04] [127.0.0.1][9b9424d0][ExtensionHostConnection] <86191> Extension Host Process exited with code: 0, signal: null.
[19:09:08] [127.0.0.1][2a1c4545][ManagementConnection] New connection established.
[19:09:09] [127.0.0.1][e2550677][ExtensionHostConnection] New connection established.
[19:09:09] [127.0.0.1][e2550677][ExtensionHostConnection] <86879> Launched Extension Host Process.
[19:09:09] [/home/kaic2023/.vscode-server/extensions/ms-python.python-2023.18.0]: Extension is not compatible with Code 1.74.3. Extension requires: ^1.82.0.
[19:09:09] [/home/kaic2023/.vscode-server/extensions/ms-python.python-2023.18.0]: Extension is not compatible with Code 1.74.3. Extension requires: ^1.82.0.
[19:09:09] [/home/kaic2023/.vscode-server/extensions/ms-python.python-2023.18.0]: Extension is not compatible with Code 1.74.3. Extension requires: ^1.82.0.
[19:09:09] [/home/kaic2023/.vscode-server/extensions/ms-python.python-2023.18.0]: Extension is not compatible with Code 1.74.3. Extension requires: ^1.82.0.
[19:09:09] [/home/kaic2023/.vscode-server/extensions/ms-python.python-2023.18.0]: Extension is not compatible with Code 1.74.3. Extension requires: ^1.82.0.
[19:09:09] [/home/kaic2023/.vscode-server/extensions/ms-python.python-2023.18.0]: Extension is not compatible with Code 1.74.3. Extension requires: ^1.82.0.
[19:09:09] [/home/kaic2023/.vscode-server/extensions/ms-python.python-2023.18.0]: Extension is not compatible with Code 1.74.3. Extension requires: ^1.82.0.
[IPC Library: Pty Host]  WARN Shell integration cannot be enabled for executable "/bin/sh" and args [
  '-c',
  'wget --version > /dev/null\n' +
    'if [ $? -eq 0 ]\n' +
    'then\n' +
    "\twget --connect-timeout=7 --tries=1 --dns-timeout=7 -q --header='Metadata:true' -O - http://169.254.169.254/metadata/instance?api-version=2019-03-11\n" +
    'else\n' +
    '\tcurl --version > /dev/null\n' +
    '\tif [ $? -eq 0 ]\n' +
    '\tthen\n' +
    "\t\tcurl --connect-timeout 7 -s --header='Metadata:true' http://169.254.169.254/metadata/instance?api-version=2019-03-11\n" +
    '\tfi\n' +
    'fi\n' +
    'exit 0'
]
[IPC Library: Pty Host]  WARN Shell integration cannot be enabled for executable "/bin/sh" and args [
  '-c',
  'wget --version > /dev/null\n' +
    'if [ $? -eq 0 ]\n' +
    'then\n' +
    '\twget --connect-timeout=7 --tries=1 --dns-timeout=7 -q  -O - http://169.254.169.254/latest/meta-data/instance-id\n' +
    'else\n' +
    '\tcurl --version > /dev/null\n' +
    '\tif [ $? -eq 0 ]\n' +
    '\tthen\n' +
    '\t\tcurl --connect-timeout 7 -s  http://169.254.169.254/latest/meta-data/instance-id\n' +
    '\tfi\n' +
    'fi\n' +
    'exit 0'
]
[IPC Library: Pty Host]  WARN Shell integration cannot be enabled for executable "/bin/sh" and args [
  '-c',
  'wget --version > /dev/null\n' +
    'if [ $? -eq 0 ]\n' +
    'then\n' +
    '\twget --connect-timeout=7 --tries=1 --dns-timeout=7 -q  -O - http://169.254.169.254/metadata/v1/id\n' +
    'else\n' +
    '\tcurl --version > /dev/null\n' +
    '\tif [ $? -eq 0 ]\n' +
    '\tthen\n' +
    '\t\tcurl --connect-timeout 7 -s  http://169.254.169.254/metadata/v1/id\n' +
    '\tfi\n' +
    'fi\n' +
    'exit 0'
]
[IPC Library: Pty Host]  WARN Shell integration cannot be enabled for executable "/bin/sh" and args [
  '-c',
  'wget --version > /dev/null\n' +
    'if [ $? -eq 0 ]\n' +
    'then\n' +
    "\twget --connect-timeout=7 --tries=1 --dns-timeout=7 -q --header='Metadata-Flavor:Google' -O - http://metadata.google.internal/computeMetadata/v1/instance/id\n" +
    'else\n' +
    '\tcurl --version > /dev/null\n' +
    '\tif [ $? -eq 0 ]\n' +
    '\tthen\n' +
    "\t\tcurl --connect-timeout 7 -s --header='Metadata-Flavor:Google' http://metadata.google.internal/computeMetadata/v1/instance/id\n" +
    '\tfi\n' +
    'fi\n' +
    'exit 0'
]
[19:09:10] [/home/kaic2023/.vscode-server/extensions/ms-python.python-2023.18.0]: Extension is not compatible with Code 1.74.3. Extension requires: ^1.82.0.
[19:09:12] [/home/kaic2023/.vscode-server/extensions/ms-python.python-2023.18.0]: Extension is not compatible with Code 1.74.3. Extension requires: ^1.82.0.
[19:09:13] [/home/kaic2023/.vscode-server/extensions/ms-python.python-2023.18.0]: Extension is not compatible with Code 1.74.3. Extension requires: ^1.82.0.
[19:11:04] [127.0.0.1][0b82475c][ExtensionHostConnection] <83390> Extension Host Process exited with code: 0, signal: null.
[19:14:10] [/home/kaic2023/.vscode-server/extensions/ms-python.python-2023.18.0]: Extension is not compatible with Code 1.74.3. Extension requires: ^1.82.0.
[19:19:10] [/home/kaic2023/.vscode-server/extensions/ms-python.python-2023.18.0]: Extension is not compatible with Code 1.74.3. Extension requires: ^1.82.0.
[19:21:48] [127.0.0.1][2a1c4545][ManagementConnection] The client has disconnected gracefully, so the connection will be disposed.
[19:21:48] [127.0.0.1][e2550677][ExtensionHostConnection] <86879> Extension Host Process exited with code: 0, signal: null.
Last EH closed, waiting before shutting down
[19:21:48] Last EH closed, waiting before shutting down
Got delay-shutdown request while in shutdown timeout, delaying
[19:21:58] Got delay-shutdown request while in shutdown timeout, delaying
Cancelling previous shutdown timeout
[19:21:58] Cancelling previous shutdown timeout
[19:21:58] [127.0.0.1][17340b6a][ManagementConnection] New connection established.
[19:21:58] [127.0.0.1][c34a3657][ExtensionHostConnection] New connection established.
[19:21:58] [127.0.0.1][c34a3657][ExtensionHostConnection] <88810> Launched Extension Host Process.
[19:21:58] [/home/kaic2023/.vscode-server/extensions/ms-python.python-2023.18.0]: Extension is not compatible with Code 1.74.3. Extension requires: ^1.82.0.
[19:21:58] [/home/kaic2023/.vscode-server/extensions/ms-python.python-2023.18.0]: Extension is not compatible with Code 1.74.3. Extension requires: ^1.82.0.
[19:21:59] [/home/kaic2023/.vscode-server/extensions/ms-python.python-2023.18.0]: Extension is not compatible with Code 1.74.3. Extension requires: ^1.82.0.
[19:21:59] [/home/kaic2023/.vscode-server/extensions/ms-python.python-2023.18.0]: Extension is not compatible with Code 1.74.3. Extension requires: ^1.82.0.
[19:21:59] [/home/kaic2023/.vscode-server/extensions/ms-python.python-2023.18.0]: Extension is not compatible with Code 1.74.3. Extension requires: ^1.82.0.
[19:21:59] [/home/kaic2023/.vscode-server/extensions/ms-python.python-2023.18.0]: Extension is not compatible with Code 1.74.3. Extension requires: ^1.82.0.
[19:21:59] [/home/kaic2023/.vscode-server/extensions/ms-python.python-2023.18.0]: Extension is not compatible with Code 1.74.3. Extension requires: ^1.82.0.
[IPC Library: Pty Host]  WARN Shell integration cannot be enabled for executable "/bin/sh" and args [
  '-c',
  'wget --version > /dev/null\n' +
    'if [ $? -eq 0 ]\n' +
    'then\n' +
    "\twget --connect-timeout=7 --tries=1 --dns-timeout=7 -q --header='Metadata:true' -O - http://169.254.169.254/metadata/instance?api-version=2019-03-11\n" +
    'else\n' +
    '\tcurl --version > /dev/null\n' +
    '\tif [ $? -eq 0 ]\n' +
    '\tthen\n' +
    "\t\tcurl --connect-timeout 7 -s --header='Metadata:true' http://169.254.169.254/metadata/instance?api-version=2019-03-11\n" +
    '\tfi\n' +
    'fi\n' +
    'exit 0'
]
[IPC Library: Pty Host]  WARN Shell integration cannot be enabled for executable "/bin/sh" and args [
  '-c',
  'wget --version > /dev/null\n' +
    'if [ $? -eq 0 ]\n' +
    'then\n' +
    '\twget --connect-timeout=7 --tries=1 --dns-timeout=7 -q  -O - http://169.254.169.254/latest/meta-data/instance-id\n' +
    'else\n' +
    '\tcurl --version > /dev/null\n' +
    '\tif [ $? -eq 0 ]\n' +
    '\tthen\n' +
    '\t\tcurl --connect-timeout 7 -s  http://169.254.169.254/latest/meta-data/instance-id\n' +
    '\tfi\n' +
    'fi\n' +
    'exit 0'
]
[IPC Library: Pty Host]  WARN Shell integration cannot be enabled for executable "/bin/sh" and args [
  '-c',
  'wget --version > /dev/null\n' +
    'if [ $? -eq 0 ]\n' +
    'then\n' +
    '\twget --connect-timeout=7 --tries=1 --dns-timeout=7 -q  -O - http://169.254.169.254/metadata/v1/id\n' +
    'else\n' +
    '\tcurl --version > /dev/null\n' +
    '\tif [ $? -eq 0 ]\n' +
    '\tthen\n' +
    '\t\tcurl --connect-timeout 7 -s  http://169.254.169.254/metadata/v1/id\n' +
    '\tfi\n' +
    'fi\n' +
    'exit 0'
]
[IPC Library: Pty Host]  WARN Shell integration cannot be enabled for executable "/bin/sh" and args [
  '-c',
  'wget --version > /dev/null\n' +
    'if [ $? -eq 0 ]\n' +
    'then\n' +
    "\twget --connect-timeout=7 --tries=1 --dns-timeout=7 -q --header='Metadata-Flavor:Google' -O - http://metadata.google.internal/computeMetadata/v1/instance/id\n" +
    'else\n' +
    '\tcurl --version > /dev/null\n' +
    '\tif [ $? -eq 0 ]\n' +
    '\tthen\n' +
    "\t\tcurl --connect-timeout 7 -s --header='Metadata-Flavor:Google' http://metadata.google.internal/computeMetadata/v1/instance/id\n" +
    '\tfi\n' +
    'fi\n' +
    'exit 0'
]
[19:21:59] [/home/kaic2023/.vscode-server/extensions/ms-python.python-2023.18.0]: Extension is not compatible with Code 1.74.3. Extension requires: ^1.82.0.
[19:22:01] [/home/kaic2023/.vscode-server/extensions/ms-python.python-2023.18.0]: Extension is not compatible with Code 1.74.3. Extension requires: ^1.82.0.
[IPC Library: Pty Host]  WARN Persistent process "29": Process had no disconnect runners but was an orphan
[IPC Library: Pty Host]  INFO Persistent process reconnection "29"
[IPC Library: Pty Host]  INFO Persistent process "29": Replaying 8907 chars and 1 size events
[19:22:48] [/home/kaic2023/.vscode-server/extensions/ms-python.python-2023.18.0]: Extension is not compatible with Code 1.74.3. Extension requires: ^1.82.0.
New EH opened, aborting shutdown
[19:26:58] New EH opened, aborting shutdown
[19:26:59] [/home/kaic2023/.vscode-server/extensions/ms-python.python-2023.18.0]: Extension is not compatible with Code 1.74.3. Extension requires: ^1.82.0.
