*
* Visual Studio Code Server
*
* By using the software, you agree to
* the Visual Studio Code Server License Terms (https://aka.ms/vscode-server-license) and
* the Microsoft Privacy Statement (https://privacy.microsoft.com/en-US/privacystatement).
*
Server bound to 127.0.0.1:39221 (IPv4)
Extension host agent listening on 39221

[15:21:45] 




[15:21:45] Extension host agent started.
[15:21:45] [127.0.0.1][0d0c485b][ExtensionHostConnection] New connection established.
[15:21:45] [127.0.0.1][1a379cd4][ManagementConnection] New connection established.
[15:21:45] [127.0.0.1][0d0c485b][ExtensionHostConnection] <17959> Launched Extension Host Process.
rejected promise not handled within 1 second: CodeExpectedError: Could not find pty on pty host
stack trace: CodeExpectedError: Could not find pty on pty host
    at A.U (/home/kaic2023/.vscode-server/bin/e7e037083ff4455cf320e344325dacb480062c3c/out/vs/platform/terminal/node/ptyHostMain.js:44:32246)
    at A.updateTitle (/home/kaic2023/.vscode-server/bin/e7e037083ff4455cf320e344325dacb480062c3c/out/vs/platform/terminal/node/ptyHostMain.js:44:27446)
    at V.<computed> (/home/kaic2023/.vscode-server/bin/e7e037083ff4455cf320e344325dacb480062c3c/out/vs/platform/terminal/node/ptyHostMain.js:44:22715)
    at Object.call (/home/kaic2023/.vscode-server/bin/e7e037083ff4455cf320e344325dacb480062c3c/out/vs/platform/terminal/node/ptyHostMain.js:34:5059)
    at h.s (/home/kaic2023/.vscode-server/bin/e7e037083ff4455cf320e344325dacb480062c3c/out/vs/platform/terminal/node/ptyHostMain.js:32:5150)
    at h.q (/home/kaic2023/.vscode-server/bin/e7e037083ff4455cf320e344325dacb480062c3c/out/vs/platform/terminal/node/ptyHostMain.js:32:4661)
    at g.value (/home/kaic2023/.vscode-server/bin/e7e037083ff4455cf320e344325dacb480062c3c/out/vs/platform/terminal/node/ptyHostMain.js:32:4066)
    at n.z (/home/kaic2023/.vscode-server/bin/e7e037083ff4455cf320e344325dacb480062c3c/out/vs/platform/terminal/node/ptyHostMain.js:27:1902)
    at n.fire (/home/kaic2023/.vscode-server/bin/e7e037083ff4455cf320e344325dacb480062c3c/out/vs/platform/terminal/node/ptyHostMain.js:27:2119)
    at process.he (/home/kaic2023/.vscode-server/bin/e7e037083ff4455cf320e344325dacb480062c3c/out/vs/platform/terminal/node/ptyHostMain.js:25:9949)
    at process.emit (node:events:513:28)
    at emit (node:internal/child_process:937:14)
    at process.processTicksAndRejections (node:internal/process/task_queues:83:21)
[15:21:48] Error [CodeExpectedError]: Could not find pty on pty host
    at A.U (/home/kaic2023/.vscode-server/bin/e7e037083ff4455cf320e344325dacb480062c3c/out/vs/platform/terminal/node/ptyHostMain.js:44:32246)
    at A.updateTitle (/home/kaic2023/.vscode-server/bin/e7e037083ff4455cf320e344325dacb480062c3c/out/vs/platform/terminal/node/ptyHostMain.js:44:27446)
    at V.<computed> (/home/kaic2023/.vscode-server/bin/e7e037083ff4455cf320e344325dacb480062c3c/out/vs/platform/terminal/node/ptyHostMain.js:44:22715)
    at Object.call (/home/kaic2023/.vscode-server/bin/e7e037083ff4455cf320e344325dacb480062c3c/out/vs/platform/terminal/node/ptyHostMain.js:34:5059)
    at h.s (/home/kaic2023/.vscode-server/bin/e7e037083ff4455cf320e344325dacb480062c3c/out/vs/platform/terminal/node/ptyHostMain.js:32:5150)
    at h.q (/home/kaic2023/.vscode-server/bin/e7e037083ff4455cf320e344325dacb480062c3c/out/vs/platform/terminal/node/ptyHostMain.js:32:4661)
    at g.value (/home/kaic2023/.vscode-server/bin/e7e037083ff4455cf320e344325dacb480062c3c/out/vs/platform/terminal/node/ptyHostMain.js:32:4066)
    at n.z (/home/kaic2023/.vscode-server/bin/e7e037083ff4455cf320e344325dacb480062c3c/out/vs/platform/terminal/node/ptyHostMain.js:27:1902)
    at n.fire (/home/kaic2023/.vscode-server/bin/e7e037083ff4455cf320e344325dacb480062c3c/out/vs/platform/terminal/node/ptyHostMain.js:27:2119)
    at process.he (/home/kaic2023/.vscode-server/bin/e7e037083ff4455cf320e344325dacb480062c3c/out/vs/platform/terminal/node/ptyHostMain.js:25:9949)
    at process.emit (node:events:513:28)
    at emit (node:internal/child_process:937:14)
    at process.processTicksAndRejections (node:internal/process/task_queues:83:21)
New EH opened, aborting shutdown
[15:26:45] New EH opened, aborting shutdown
[16:47:02] [127.0.0.1][1a379cd4][ManagementConnection] The client has disconnected gracefully, so the connection will be disposed.
[16:47:02] [127.0.0.1][0d0c485b][ExtensionHostConnection] <17959> Extension Host Process exited with code: 0, signal: null.
Last EH closed, waiting before shutting down
[16:47:02] Last EH closed, waiting before shutting down
Last EH closed, shutting down
[16:52:02] Last EH closed, shutting down
