2023-10-20 19:26:57.317 [info] Experiment 'pythonPromptNewFormatterExt' is active
2023-10-20 19:26:57.317 [info] Experiment 'pythonPromptNewToolsExt' is active
2023-10-20 19:26:57.317 [info] Experiment 'pythonTestAdaptercf' is active
2023-10-20 19:26:57.317 [info] Test server listening.
2023-10-20 19:26:57.326 [warning] Failed to check if /usr/bin/python3 is an executable [Error: ENOENT: no such file or directory, lstat '/usr/bin/python3'] {
  errno: -2,
  code: 'ENOENT',
  syscall: 'lstat',
  path: '/usr/bin/python3'
}
2023-10-20 19:26:57.572 [info] > /usr/bin/python3 -I ./kaic2023/.vscode-server/extensions/ms-python.python-2023.18.0/pythonFiles/get_output_via_markers.py ./kaic2023/.vscode-server/extensions/ms-python.python-2023.18.0/pythonFiles/interpreterInfo.py
2023-10-20 19:26:57.591 [error] [Error: Command failed: /usr/bin/python3 -I /home/kaic2023/.vscode-server/extensions/ms-python.python-2023.18.0/pythonFiles/get_output_via_markers.py /home/kaic2023/.vscode-server/extensions/ms-python.python-2023.18.0/pythonFiles/interpreterInfo.py
/bin/sh: /usr/bin/python3: No such file or directory

	at ChildProcess.exithandler (node:child_process:420:12)
	at ChildProcess.emit (node:events:513:28)
	at maybeClose (node:internal/child_process:1091:16)
	at ChildProcess._handle.onexit (node:internal/child_process:302:5)] {
  code: 127,
  killed: false,
  signal: null,
  cmd: '/usr/bin/python3 -I /home/kaic2023/.vscode-server/extensions/ms-python.python-2023.18.0/pythonFiles/get_output_via_markers.py /home/kaic2023/.vscode-server/extensions/ms-python.python-2023.18.0/pythonFiles/interpreterInfo.py'
}
2023-10-20 19:26:57.875 [warning] Failed to check if /usr/bin/python3 is an executable [Error: ENOENT: no such file or directory, lstat '/usr/bin/python3'] {
  errno: -2,
  code: 'ENOENT',
  syscall: 'lstat',
  path: '/usr/bin/python3'
}
2023-10-20 19:26:57.876 [warning] Failed to check if /usr/bin/python3 is an executable [Error: ENOENT: no such file or directory, lstat '/usr/bin/python3'] {
  errno: -2,
  code: 'ENOENT',
  syscall: 'lstat',
  path: '/usr/bin/python3'
}
2023-10-20 19:26:59.103 [warning] Failed to check if /usr/bin/python3 is an executable [Error: ENOENT: no such file or directory, lstat '/usr/bin/python3'] {
  errno: -2,
  code: 'ENOENT',
  syscall: 'lstat',
  path: '/usr/bin/python3'
}
2023-10-20 19:26:59.103 [warning] Failed to check if /usr/bin/python3 is an executable [Error: ENOENT: no such file or directory, lstat '/usr/bin/python3'] {
  errno: -2,
  code: 'ENOENT',
  syscall: 'lstat',
  path: '/usr/bin/python3'
}
2023-10-20 19:26:59.104 [warning] Failed to check if /usr/bin/python3 is an executable [Error: ENOENT: no such file or directory, lstat '/usr/bin/python3'] {
  errno: -2,
  code: 'ENOENT',
  syscall: 'lstat',
  path: '/usr/bin/python3'
}
2023-10-20 19:26:59.600 [info] > /usr/bin/python3 -I ./kaic2023/.vscode-server/extensions/ms-python.python-2023.18.0/pythonFiles/get_output_via_markers.py ./kaic2023/.vscode-server/extensions/ms-python.python-2023.18.0/pythonFiles/interpreterInfo.py
2023-10-20 19:26:59.602 [error] [Error: Command failed: /usr/bin/python3 -I /home/kaic2023/.vscode-server/extensions/ms-python.python-2023.18.0/pythonFiles/get_output_via_markers.py /home/kaic2023/.vscode-server/extensions/ms-python.python-2023.18.0/pythonFiles/interpreterInfo.py
/bin/sh: /usr/bin/python3: No such file or directory

	at ChildProcess.exithandler (node:child_process:420:12)
	at ChildProcess.emit (node:events:513:28)
	at maybeClose (node:internal/child_process:1091:16)
	at ChildProcess._handle.onexit (node:internal/child_process:302:5)] {
  code: 127,
  killed: false,
  signal: null,
  cmd: '/usr/bin/python3 -I /home/kaic2023/.vscode-server/extensions/ms-python.python-2023.18.0/pythonFiles/get_output_via_markers.py /home/kaic2023/.vscode-server/extensions/ms-python.python-2023.18.0/pythonFiles/interpreterInfo.py'
}
2023-10-20 19:26:59.606 [error] Unable to start Jedi language server as a valid interpreter is not selected
2023-10-20 19:26:59.615 [warning] Failed to check if /usr/bin/python3 is an executable [Error: ENOENT: no such file or directory, lstat '/usr/bin/python3'] {
  errno: -2,
  code: 'ENOENT',
  syscall: 'lstat',
  path: '/usr/bin/python3'
}
2023-10-20 19:26:59.615 [warning] Failed to check if /usr/bin/python3 is an executable [Error: ENOENT: no such file or directory, lstat '/usr/bin/python3'] {
  errno: -2,
  code: 'ENOENT',
  syscall: 'lstat',
  path: '/usr/bin/python3'
}
2023-10-20 19:26:59.616 [warning] Failed to check if /usr/bin/python3 is an executable [Error: ENOENT: no such file or directory, lstat '/usr/bin/python3'] {
  errno: -2,
  code: 'ENOENT',
  syscall: 'lstat',
  path: '/usr/bin/python3'
}
